<?xml version="1.0" encoding="UTF-8"?>
<!-- Generated by org.testng.reporters.JUnitReportReporter -->
<testsuite hostname="DESKTOP-UB8F91P" failures="0" tests="2" name="qa.test.TestCases" time="27.550" errors="0" timestamp="2023-05-16T19:20:30 IST" skipped="0">
  <testcase classname="qa.test.TestCases" name="sampleMethodForVerifingTitle" time="11.899"/>
  <system-out/>
  <testcase classname="qa.test.TestCases" name="verifyTheLogInFunctioality" time="15.651"/>
  <system-out/>
</testsuite> <!-- qa.test.TestCases -->
