<?xml version="1.0" encoding="UTF-8"?>
<!-- Generated by org.testng.reporters.JUnitReportReporter -->
<testsuite hostname="DESKTOP-UB8F91P" failures="0" tests="1" name="qa.test.TestCases" time="14.019" errors="0" timestamp="2023-05-13T12:16:56 IST" skipped="0">
  <testcase classname="qa.test.TestCases" name="sampleMethodForVerifingTitle" time="14.019"/>
  <system-out/>
</testsuite> <!-- qa.test.TestCases -->
